#
# There is insufficient memory for the Java Runtime Environment to continue.
# Native memory allocation (mmap) failed to map 65536 bytes for Failed to commit metaspace.
# Possible reasons:
#   The system is out of physical RAM or swap space
#   The process is running with CompressedOops enabled, and the Java Heap may be blocking the growth of the native heap
# Possible solutions:
#   Reduce memory load on the system
#   Increase physical memory or swap space
#   Check if swap backing store is full
#   Decrease Java heap size (-Xmx/-Xms)
#   Decrease number of Java threads
#   Decrease Java thread stack sizes (-Xss)
#   Set larger code cache with -XX:ReservedCodeCacheSize=
#   JVM is running with Unscaled Compressed Oops mode in which the Java heap is
#     placed in the first 4GB address space. The Java Heap base address is the
#     maximum limit for the native heap growth. Please use -XX:HeapBaseMinAddress
#     to set the Java Heap base and to place the Java Heap above 4GB virtual address.
# This output file may be truncated or incomplete.
#
#  Out of Memory Error (virtualSpaceNode.cpp:110), pid=8428, tid=5072
#
# JRE version: OpenJDK Runtime Environment JBR-17.0.10+1-1207.14-jcef (17.0.10+1) (build 17.0.10+1-b1207.14)
# Java VM: OpenJDK 64-Bit Server VM JBR-17.0.10+1-1207.14-jcef (17.0.10+1-b1207.14, mixed mode, tiered, compressed oops, compressed class ptrs, g1 gc, windows-amd64)
# No core dump will be written. Minidumps are not enabled by default on client versions of Windows
#

---------------  S U M M A R Y ------------

Command Line: -Djava.rmi.server.hostname=127.0.0.1 -Duser.timezone=UTC -Xmx2048m -Xms128m -Djdbc.classpath=C:\Program Files\JetBrains\IntelliJ IDEA 2024.1.1\plugins\DatabaseTools\lib\jdbc-console.jar;C:\Users\wiam\AppData\Roaming\JetBrains\IntelliJIdea2024.1\jdbc-drivers\MySQL ConnectorJ\8.2.0\com\mysql\mysql-connector-j\8.2.0\mysql-connector-j-8.2.0.jar;C:\Users\wiam\AppData\Roaming\JetBrains\IntelliJIdea2024.1\jdbc-drivers\MySQL ConnectorJ\8.2.0\com\google\protobuf\protobuf-java\3.21.9\protobuf-java-3.21.9.jar --add-exports=java.desktop/sun.awt=ALL-UNNAMED --add-exports=java.desktop/java.awt.peer=ALL-UNNAMED --add-opens=java.desktop/java.awt=ALL-UNNAMED --add-opens=jdk.unsupported/sun.misc=ALL-UNNAMED --add-opens=java.base/java.nio=ALL-UNNAMED --add-opens=java.base/java.util=ALL-UNNAMED -Dfile.encoding=UTF-8 com.intellij.database.remote.RemoteJdbcServer com.mysql.cj.jdbc.Driver

Host: Intel(R) Core(TM) i5-4200U CPU @ 1.60GHz, 4 cores, 7G,  Windows 11 , 64 bit Build 22000 (10.0.22000.2538)
Time: Mon Oct 28 23:03:01 2024 Morocco Daylight Time elapsed time: 0.321100 seconds (0d 0h 0m 0s)

---------------  T H R E A D  ---------------

Current thread (0x000002adc4a3ed60):  JavaThread "main" [_thread_in_vm, id=5072, stack(0x000000d9f4b00000,0x000000d9f4c00000)]

Stack: [0x000000d9f4b00000,0x000000d9f4c00000]
Native frames: (J=compiled Java code, j=interpreted, Vv=VM code, C=native code)
V  [jvm.dll+0x687989]
V  [jvm.dll+0x84116a]
V  [jvm.dll+0x842dae]
V  [jvm.dll+0x843413]
V  [jvm.dll+0x249ccf]
V  [jvm.dll+0x83c11b]
V  [jvm.dll+0x62bf36]
V  [jvm.dll+0x62bf9a]
V  [jvm.dll+0x62e7ca]
V  [jvm.dll+0x62c8d6]
V  [jvm.dll+0x246ddc]
V  [jvm.dll+0x6df31d]
V  [jvm.dll+0x6dfd5f]
V  [jvm.dll+0x3771d0]
V  [jvm.dll+0x3761f4]
V  [jvm.dll+0x376198]
V  [jvm.dll+0x38628a]
C  0x000002adcf70b5bb

The last pc belongs to new (printed below).
Java frames: (J=compiled Java code, j=interpreted, Vv=VM code)
j  java.lang.invoke.DirectMethodHandle.getNamedFunction(Ljava/lang/String;Ljava/lang/invoke/MethodType;)Ljava/lang/invoke/LambdaForm$NamedFunction;+14 java.base@17.0.10
j  java.lang.invoke.DirectMethodHandle.createFunction(B)Ljava/lang/invoke/LambdaForm$NamedFunction;+70 java.base@17.0.10
j  java.lang.invoke.DirectMethodHandle.getFunction(B)Ljava/lang/invoke/LambdaForm$NamedFunction;+17 java.base@17.0.10
j  java.lang.invoke.DirectMethodHandle.makePreparedLambdaForm(Ljava/lang/invoke/MethodType;I)Ljava/lang/invoke/LambdaForm;+551 java.base@17.0.10
j  java.lang.invoke.DirectMethodHandle.preparedLambdaForm(Ljava/lang/invoke/MethodType;I)Ljava/lang/invoke/LambdaForm;+17 java.base@17.0.10
j  java.lang.invoke.DirectMethodHandle.preparedLambdaForm(Ljava/lang/invoke/MemberName;Z)Ljava/lang/invoke/LambdaForm;+159 java.base@17.0.10
j  java.lang.invoke.DirectMethodHandle.preparedLambdaForm(Ljava/lang/invoke/MemberName;)Ljava/lang/invoke/LambdaForm;+2 java.base@17.0.10
j  java.lang.invoke.DirectMethodHandle.make(BLjava/lang/Class;Ljava/lang/invoke/MemberName;Ljava/lang/Class;)Ljava/lang/invoke/DirectMethodHandle;+163 java.base@17.0.10
j  java.lang.invoke.MethodHandles$Lookup.getDirectMethodCommon(BLjava/lang/Class;Ljava/lang/invoke/MemberName;ZZLjava/lang/invoke/MethodHandles$Lookup;)Ljava/lang/invoke/MethodHandle;+210 java.base@17.0.10
j  java.lang.invoke.MethodHandles$Lookup.getDirectMethodNoSecurityManager(BLjava/lang/Class;Ljava/lang/invoke/MemberName;Ljava/lang/invoke/MethodHandles$Lookup;)Ljava/lang/invoke/MethodHandle;+14 java.base@17.0.10
j  java.lang.invoke.MethodHandles$Lookup.getDirectMethodForConstant(BLjava/lang/Class;Ljava/lang/invoke/MemberName;)Ljava/lang/invoke/MethodHandle;+31 java.base@17.0.10
j  java.lang.invoke.MethodHandles$Lookup.linkMethodHandleConstant(BLjava/lang/Class;Ljava/lang/String;Ljava/lang/Object;)Ljava/lang/invoke/MethodHandle;+153 java.base@17.0.10
j  java.lang.invoke.MethodHandleNatives.linkMethodHandleConstant(Ljava/lang/Class;ILjava/lang/Class;Ljava/lang/String;Ljava/lang/Object;)Ljava/lang/invoke/MethodHandle;+38 java.base@17.0.10
v  ~StubRoutines::call_stub
j  jdk.internal.module.ModuleBootstrap.decode(Ljava/lang/String;Ljava/lang/String;Z)Ljava/util/Map;+193 java.base@17.0.10
j  jdk.internal.module.ModuleBootstrap.decode(Ljava/lang/String;)Ljava/util/Map;+5 java.base@17.0.10
j  jdk.internal.module.ModuleBootstrap.addExtraExportsAndOpens(Ljava/lang/ModuleLayer;)Z+7 java.base@17.0.10
j  jdk.internal.module.ModuleBootstrap.boot2()Ljava/lang/ModuleLayer;+1240 java.base@17.0.10
j  jdk.internal.module.ModuleBootstrap.boot()Ljava/lang/ModuleLayer;+64 java.base@17.0.10
j  java.lang.System.initPhase2(ZZ)I+0 java.base@17.0.10
v  ~StubRoutines::call_stub
new  187 new  [0x000002adcf70b420, 0x000002adcf70b640]  544 bytes
[MachCode]
  0x000002adcf70b420: 4883 ec08 | c5fa 1104 | 24eb 1f48 | 83ec 10c5 | fb11 0424 | eb14 4883 | ec10 4889 | 0424 48c7 
  0x000002adcf70b440: 4424 0800 | 0000 00eb | 0150 410f | b755 010f | cac1 ea10 | 488b 4de8 | 488b 4908 | 488b 4908 
  0x000002adcf70b460: 488b 4108 | 807c 1004 | 070f 85d6 | 0000 0066 | 8b54 d148 | 488b 4928 | 488b 4cd1 | 0851 80b9 
  0x000002adcf70b480: 5b01 0000 | 040f 85b9 | 0000 008b | 5108 f7c2 | 0100 0000 | 0f85 aa00 | 0000 498b | 8708 0100 
  0x000002adcf70b4a0: 0048 8d1c | 1049 3b9f | 1801 0000 | 0f87 9200 | 0000 4989 | 9f08 0100 | 00e9 0000 | 0000 4883 
  0x000002adcf70b4c0: ea10 0f84 | 0f00 0000 | 33c9 c1ea | 0348 894c | d008 48ff | ca75 f648 | c700 0100 | 0000 5933 
  0x000002adcf70b4e0: f689 700c | 48c1 e903 | 8948 0849 | bae9 2981 | bdfd 7f00 | 0041 803a | 000f 8440 | 0000 0050 
  0x000002adcf70b500: 488b c848 | 83ec 20f7 | c40f 0000 | 000f 841a | 0000 0048 | 83ec 0849 | ba20 e236 | bdfd 7f00 
  0x000002adcf70b520: 0041 ffd2 | 4883 c408 | e90d 0000 | 0049 ba20 | e236 bdfd | 7f00 0041 | ffd2 4883 | c420 58e9 
  0x000002adcf70b540: cd00 0000 | 5948 8b55 | e848 8b52 | 0848 8b52 | 0845 0fb7 | 4501 410f | c841 c1e8 | 10e8 0500 
  0x000002adcf70b560: 0000 e9aa | 0000 0048 | 8d44 2408 | 4c89 6dc0 | 498b cfc5 | f877 4989 | afa8 0200 | 0049 8987 
  0x000002adcf70b580: 9802 0000 | 4883 ec20 | f7c4 0f00 | 0000 0f84 | 1a00 0000 | 4883 ec08 | 49ba 0062 | 00bd fd7f 
  0x000002adcf70b5a0: 0000 41ff | d248 83c4 | 08e9 0d00 | 0000 49ba | 0062 00bd | fd7f 0000 | 41ff d248 | 83c4 2049 
  0x000002adcf70b5c0: c787 9802 | 0000 0000 | 0000 49c7 | 87a8 0200 | 0000 0000 | 0049 c787 | a002 0000 | 0000 0000 
  0x000002adcf70b5e0: c5f8 7749 | 817f 0800 | 0000 000f | 8405 0000 | 00e9 0a59 | feff 498b | 87f0 0200 | 0049 c787 
  0x000002adcf70b600: f002 0000 | 0000 0000 | 4c8b 6dc0 | 4c8b 75c8 | c341 0fb6 | 5d03 4983 | c503 49ba | c096 83bd 
  0x000002adcf70b620: fd7f 0000 | 41ff 24da | 0000 0000 | 0000 0000 | 0000 0000 | 0000 0000 | 0000 0000 | 0000 0000 
[/MachCode]

---------------  P R O C E S S  ---------------

Threads class SMR info:
_java_thread_list=0x000002adde2e3e00, length=10, elements={
0x000002adc4a3ed60, 0x000002adde443020, 0x000002adde2c00c0, 0x000002adde2f4080,
0x000002adde2f4950, 0x000002adde457410, 0x000002adde457dd0, 0x000002adde45bfc0,
0x000002adde466a90, 0x000002adde467490
}

Java Threads: ( => current thread )
=>0x000002adc4a3ed60 JavaThread "main" [_thread_in_vm, id=5072, stack(0x000000d9f4b00000,0x000000d9f4c00000)]
  0x000002adde443020 JavaThread "Reference Handler" daemon [_thread_blocked, id=13240, stack(0x000000d9f5200000,0x000000d9f5300000)]
  0x000002adde2c00c0 JavaThread "Finalizer" daemon [_thread_blocked, id=11412, stack(0x000000d9f5300000,0x000000d9f5400000)]
  0x000002adde2f4080 JavaThread "Signal Dispatcher" daemon [_thread_blocked, id=408, stack(0x000000d9f5400000,0x000000d9f5500000)]
  0x000002adde2f4950 JavaThread "Attach Listener" daemon [_thread_blocked, id=1860, stack(0x000000d9f5500000,0x000000d9f5600000)]
  0x000002adde457410 JavaThread "Service Thread" daemon [_thread_blocked, id=4848, stack(0x000000d9f5600000,0x000000d9f5700000)]
  0x000002adde457dd0 JavaThread "Monitor Deflation Thread" daemon [_thread_blocked, id=12140, stack(0x000000d9f5700000,0x000000d9f5800000)]
  0x000002adde45bfc0 JavaThread "C2 CompilerThread0" daemon [_thread_blocked, id=4196, stack(0x000000d9f5800000,0x000000d9f5900000)]
  0x000002adde466a90 JavaThread "C1 CompilerThread0" daemon [_thread_blocked, id=260, stack(0x000000d9f5900000,0x000000d9f5a00000)]
  0x000002adde467490 JavaThread "Sweeper thread" daemon [_thread_blocked, id=10944, stack(0x000000d9f5a00000,0x000000d9f5b00000)]

Other Threads:
  0x000002adde2d8c70 VMThread "VM Thread" [stack: 0x000000d9f5100000,0x000000d9f5200000] [id=11160]
  0x000002adc4a9a920 GCTaskThread "GC Thread#0" [stack: 0x000000d9f4c00000,0x000000d9f4d00000] [id=6008]
  0x000002adc4aab870 ConcurrentGCThread "G1 Main Marker" [stack: 0x000000d9f4d00000,0x000000d9f4e00000] [id=5532]
  0x000002adc4aac290 ConcurrentGCThread "G1 Conc#0" [stack: 0x000000d9f4e00000,0x000000d9f4f00000] [id=2296]
  0x000002adc4afe1d0 ConcurrentGCThread "G1 Refine#0" [stack: 0x000000d9f4f00000,0x000000d9f5000000] [id=9660]
  0x000002adc4afeb00 ConcurrentGCThread "G1 Service" [stack: 0x000000d9f5000000,0x000000d9f5100000] [id=11804]

Threads with active compile tasks:

VM state: not at safepoint (normal execution)

VM Mutex/Monitor currently owned by a thread:  ([mutex/lock_event])
[0x000002adc28fbbc0] Metaspace_lock - owner thread: 0x000002adc4a3ed60

Heap address: 0x0000000080000000, size: 2048 MB, Compressed Oops mode: 32-bit

CDS archive(s) not mapped
Compressed class space mapped at: 0x0000000100000000-0x0000000140000000, reserved size: 1073741824
Narrow klass base: 0x0000000000000000, Narrow klass shift: 3, Narrow klass range: 0x140000000

GC Precious Log:
 CPUs: 4 total, 4 available
 Memory: 8097M
 Large Page Support: Disabled
 NUMA Support: Disabled
 Compressed Oops: Enabled (32-bit)
 Heap Region Size: 1M
 Heap Min Capacity: 128M
 Heap Initial Capacity: 128M
 Heap Max Capacity: 2G
 Pre-touch: Disabled
 Parallel Workers: 4
 Concurrent Workers: 1
 Concurrent Refinement Workers: 4
 Periodic GC: Disabled

Heap:
 garbage-first heap   total 131072K, used 1024K [0x0000000080000000, 0x0000000100000000)
  region size 1024K, 2 young (2048K), 0 survivors (0K)
 Metaspace       used 3814K, committed 3840K, reserved 1114112K
  class space    used 296K, committed 320K, reserved 1048576K

Heap Regions: E=young(eden), S=young(survivor), O=old, HS=humongous(starts), HC=humongous(continues), CS=collection set, F=free, OA=open archive, CA=closed archive, TAMS=top-at-mark-start (previous, next)
|   0|0x0000000080000000, 0x0000000080000000, 0x0000000080100000|  0%| F|  |TAMS 0x0000000080000000, 0x0000000080000000| Untracked 
|   1|0x0000000080100000, 0x0000000080100000, 0x0000000080200000|  0%| F|  |TAMS 0x0000000080100000, 0x0000000080100000| Untracked 
|   2|0x0000000080200000, 0x0000000080200000, 0x0000000080300000|  0%| F|  |TAMS 0x0000000080200000, 0x0000000080200000| Untracked 
|   3|0x0000000080300000, 0x0000000080300000, 0x0000000080400000|  0%| F|  |TAMS 0x0000000080300000, 0x0000000080300000| Untracked 
|   4|0x0000000080400000, 0x0000000080400000, 0x0000000080500000|  0%| F|  |TAMS 0x0000000080400000, 0x0000000080400000| Untracked 
|   5|0x0000000080500000, 0x0000000080500000, 0x0000000080600000|  0%| F|  |TAMS 0x0000000080500000, 0x0000000080500000| Untracked 
|   6|0x0000000080600000, 0x0000000080600000, 0x0000000080700000|  0%| F|  |TAMS 0x0000000080600000, 0x0000000080600000| Untracked 
|   7|0x0000000080700000, 0x0000000080700000, 0x0000000080800000|  0%| F|  |TAMS 0x0000000080700000, 0x0000000080700000| Untracked 
|   8|0x0000000080800000, 0x0000000080800000, 0x0000000080900000|  0%| F|  |TAMS 0x0000000080800000, 0x0000000080800000| Untracked 
|   9|0x0000000080900000, 0x0000000080900000, 0x0000000080a00000|  0%| F|  |TAMS 0x0000000080900000, 0x0000000080900000| Untracked 
|  10|0x0000000080a00000, 0x0000000080a00000, 0x0000000080b00000|  0%| F|  |TAMS 0x0000000080a00000, 0x0000000080a00000| Untracked 
|  11|0x0000000080b00000, 0x0000000080b00000, 0x0000000080c00000|  0%| F|  |TAMS 0x0000000080b00000, 0x0000000080b00000| Untracked 
|  12|0x0000000080c00000, 0x0000000080c00000, 0x0000000080d00000|  0%| F|  |TAMS 0x0000000080c00000, 0x0000000080c00000| Untracked 
|  13|0x0000000080d00000, 0x0000000080d00000, 0x0000000080e00000|  0%| F|  |TAMS 0x0000000080d00000, 0x0000000080d00000| Untracked 
|  14|0x0000000080e00000, 0x0000000080e00000, 0x0000000080f00000|  0%| F|  |TAMS 0x0000000080e00000, 0x0000000080e00000| Untracked 
|  15|0x0000000080f00000, 0x0000000080f00000, 0x0000000081000000|  0%| F|  |TAMS 0x0000000080f00000, 0x0000000080f00000| Untracked 
|  16|0x0000000081000000, 0x0000000081000000, 0x0000000081100000|  0%| F|  |TAMS 0x0000000081000000, 0x0000000081000000| Untracked 
|  17|0x0000000081100000, 0x0000000081100000, 0x0000000081200000|  0%| F|  |TAMS 0x0000000081100000, 0x0000000081100000| Untracked 
|  18|0x0000000081200000, 0x0000000081200000, 0x0000000081300000|  0%| F|  |TAMS 0x0000000081200000, 0x0000000081200000| Untracked 
|  19|0x0000000081300000, 0x0000000081300000, 0x0000000081400000|  0%| F|  |TAMS 0x0000000081300000, 0x0000000081300000| Untracked 
|  20|0x0000000081400000, 0x0000000081400000, 0x0000000081500000|  0%| F|  |TAMS 0x0000000081400000, 0x0000000081400000| Untracked 
|  21|0x0000000081500000, 0x0000000081500000, 0x0000000081600000|  0%| F|  |TAMS 0x0000000081500000, 0x0000000081500000| Untracked 
|  22|0x0000000081600000, 0x0000000081600000, 0x0000000081700000|  0%| F|  |TAMS 0x0000000081600000, 0x0000000081600000| Untracked 
|  23|0x0000000081700000, 0x0000000081700000, 0x0000000081800000|  0%| F|  |TAMS 0x0000000081700000, 0x0000000081700000| Untracked 
|  24|0x0000000081800000, 0x0000000081800000, 0x0000000081900000|  0%| F|  |TAMS 0x0000000081800000, 0x0000000081800000| Untracked 
|  25|0x0000000081900000, 0x0000000081900000, 0x0000000081a00000|  0%| F|  |TAMS 0x0000000081900000, 0x0000000081900000| Untracked 
|  26|0x0000000081a00000, 0x0000000081a00000, 0x0000000081b00000|  0%| F|  |TAMS 0x0000000081a00000, 0x0000000081a00000| Untracked 
|  27|0x0000000081b00000, 0x0000000081b00000, 0x0000000081c00000|  0%| F|  |TAMS 0x0000000081b00000, 0x0000000081b00000| Untracked 
|  28|0x0000000081c00000, 0x0000000081c00000, 0x0000000081d00000|  0%| F|  |TAMS 0x0000000081c00000, 0x0000000081c00000| Untracked 
|  29|0x0000000081d00000, 0x0000000081d00000, 0x0000000081e00000|  0%| F|  |TAMS 0x0000000081d00000, 0x0000000081d00000| Untracked 
|  30|0x0000000081e00000, 0x0000000081e00000, 0x0000000081f00000|  0%| F|  |TAMS 0x0000000081e00000, 0x0000000081e00000| Untracked 
|  31|0x0000000081f00000, 0x0000000081f00000, 0x0000000082000000|  0%| F|  |TAMS 0x0000000081f00000, 0x0000000081f00000| Untracked 
|  32|0x0000000082000000, 0x0000000082000000, 0x0000000082100000|  0%| F|  |TAMS 0x0000000082000000, 0x0000000082000000| Untracked 
|  33|0x0000000082100000, 0x0000000082100000, 0x0000000082200000|  0%| F|  |TAMS 0x0000000082100000, 0x0000000082100000| Untracked 
|  34|0x0000000082200000, 0x0000000082200000, 0x0000000082300000|  0%| F|  |TAMS 0x0000000082200000, 0x0000000082200000| Untracked 
|  35|0x0000000082300000, 0x0000000082300000, 0x0000000082400000|  0%| F|  |TAMS 0x0000000082300000, 0x0000000082300000| Untracked 
|  36|0x0000000082400000, 0x0000000082400000, 0x0000000082500000|  0%| F|  |TAMS 0x0000000082400000, 0x0000000082400000| Untracked 
|  37|0x0000000082500000, 0x0000000082500000, 0x0000000082600000|  0%| F|  |TAMS 0x0000000082500000, 0x0000000082500000| Untracked 
|  38|0x0000000082600000, 0x0000000082600000, 0x0000000082700000|  0%| F|  |TAMS 0x0000000082600000, 0x0000000082600000| Untracked 
|  39|0x0000000082700000, 0x0000000082700000, 0x0000000082800000|  0%| F|  |TAMS 0x0000000082700000, 0x0000000082700000| Untracked 
|  40|0x0000000082800000, 0x0000000082800000, 0x0000000082900000|  0%| F|  |TAMS 0x0000000082800000, 0x0000000082800000| Untracked 
|  41|0x0000000082900000, 0x0000000082900000, 0x0000000082a00000|  0%| F|  |TAMS 0x0000000082900000, 0x0000000082900000| Untracked 
|  42|0x0000000082a00000, 0x0000000082a00000, 0x0000000082b00000|  0%| F|  |TAMS 0x0000000082a00000, 0x0000000082a00000| Untracked 
|  43|0x0000000082b00000, 0x0000000082b00000, 0x0000000082c00000|  0%| F|  |TAMS 0x0000000082b00000, 0x0000000082b00000| Untracked 
|  44|0x0000000082c00000, 0x0000000082c00000, 0x0000000082d00000|  0%| F|  |TAMS 0x0000000082c00000, 0x0000000082c00000| Untracked 
|  45|0x0000000082d00000, 0x0000000082d00000, 0x0000000082e00000|  0%| F|  |TAMS 0x0000000082d00000, 0x0000000082d00000| Untracked 
|  46|0x0000000082e00000, 0x0000000082e00000, 0x0000000082f00000|  0%| F|  |TAMS 0x0000000082e00000, 0x0000000082e00000| Untracked 
|  47|0x0000000082f00000, 0x0000000082f00000, 0x0000000083000000|  0%| F|  |TAMS 0x0000000082f00000, 0x0000000082f00000| Untracked 
|  48|0x0000000083000000, 0x0000000083000000, 0x0000000083100000|  0%| F|  |TAMS 0x0000000083000000, 0x0000000083000000| Untracked 
|  49|0x0000000083100000, 0x0000000083100000, 0x0000000083200000|  0%| F|  |TAMS 0x0000000083100000, 0x0000000083100000| Untracked 
|  50|0x0000000083200000, 0x0000000083200000, 0x0000000083300000|  0%| F|  |TAMS 0x0000000083200000, 0x0000000083200000| Untracked 
|  51|0x0000000083300000, 0x0000000083300000, 0x0000000083400000|  0%| F|  |TAMS 0x0000000083300000, 0x0000000083300000| Untracked 
|  52|0x0000000083400000, 0x0000000083400000, 0x0000000083500000|  0%| F|  |TAMS 0x0000000083400000, 0x0000000083400000| Untracked 
|  53|0x0000000083500000, 0x0000000083500000, 0x0000000083600000|  0%| F|  |TAMS 0x0000000083500000, 0x0000000083500000| Untracked 
|  54|0x0000000083600000, 0x0000000083600000, 0x0000000083700000|  0%| F|  |TAMS 0x0000000083600000, 0x0000000083600000| Untracked 
|  55|0x0000000083700000, 0x0000000083700000, 0x0000000083800000|  0%| F|  |TAMS 0x0000000083700000, 0x0000000083700000| Untracked 
|  56|0x0000000083800000, 0x0000000083800000, 0x0000000083900000|  0%| F|  |TAMS 0x0000000083800000, 0x0000000083800000| Untracked 
|  57|0x0000000083900000, 0x0000000083900000, 0x0000000083a00000|  0%| F|  |TAMS 0x0000000083900000, 0x0000000083900000| Untracked 
|  58|0x0000000083a00000, 0x0000000083a00000, 0x0000000083b00000|  0%| F|  |TAMS 0x0000000083a00000, 0x0000000083a00000| Untracked 
|  59|0x0000000083b00000, 0x0000000083b00000, 0x0000000083c00000|  0%| F|  |TAMS 0x0000000083b00000, 0x0000000083b00000| Untracked 
|  60|0x0000000083c00000, 0x0000000083c00000, 0x0000000083d00000|  0%| F|  |TAMS 0x0000000083c00000, 0x0000000083c00000| Untracked 
|  61|0x0000000083d00000, 0x0000000083d00000, 0x0000000083e00000|  0%| F|  |TAMS 0x0000000083d00000, 0x0000000083d00000| Untracked 
|  62|0x0000000083e00000, 0x0000000083e00000, 0x0000000083f00000|  0%| F|  |TAMS 0x0000000083e00000, 0x0000000083e00000| Untracked 
|  63|0x0000000083f00000, 0x0000000083f00000, 0x0000000084000000|  0%| F|  |TAMS 0x0000000083f00000, 0x0000000083f00000| Untracked 
|  64|0x0000000084000000, 0x0000000084000000, 0x0000000084100000|  0%| F|  |TAMS 0x0000000084000000, 0x0000000084000000| Untracked 
|  65|0x0000000084100000, 0x0000000084100000, 0x0000000084200000|  0%| F|  |TAMS 0x0000000084100000, 0x0000000084100000| Untracked 
|  66|0x0000000084200000, 0x0000000084200000, 0x0000000084300000|  0%| F|  |TAMS 0x0000000084200000, 0x0000000084200000| Untracked 
|  67|0x0000000084300000, 0x0000000084300000, 0x0000000084400000|  0%| F|  |TAMS 0x0000000084300000, 0x0000000084300000| Untracked 
|  68|0x0000000084400000, 0x0000000084400000, 0x0000000084500000|  0%| F|  |TAMS 0x0000000084400000, 0x0000000084400000| Untracked 
|  69|0x0000000084500000, 0x0000000084500000, 0x0000000084600000|  0%| F|  |TAMS 0x0000000084500000, 0x0000000084500000| Untracked 
|  70|0x0000000084600000, 0x0000000084600000, 0x0000000084700000|  0%| F|  |TAMS 0x0000000084600000, 0x0000000084600000| Untracked 
|  71|0x0000000084700000, 0x0000000084700000, 0x0000000084800000|  0%| F|  |TAMS 0x0000000084700000, 0x0000000084700000| Untracked 
|  72|0x0000000084800000, 0x0000000084800000, 0x0000000084900000|  0%| F|  |TAMS 0x0000000084800000, 0x0000000084800000| Untracked 
|  73|0x0000000084900000, 0x0000000084900000, 0x0000000084a00000|  0%| F|  |TAMS 0x0000000084900000, 0x0000000084900000| Untracked 
|  74|0x0000000084a00000, 0x0000000084a00000, 0x0000000084b00000|  0%| F|  |TAMS 0x0000000084a00000, 0x0000000084a00000| Untracked 
|  75|0x0000000084b00000, 0x0000000084b00000, 0x0000000084c00000|  0%| F|  |TAMS 0x0000000084b00000, 0x0000000084b00000| Untracked 
|  76|0x0000000084c00000, 0x0000000084c00000, 0x0000000084d00000|  0%| F|  |TAMS 0x0000000084c00000, 0x0000000084c00000| Untracked 
|  77|0x0000000084d00000, 0x0000000084d00000, 0x0000000084e00000|  0%| F|  |TAMS 0x0000000084d00000, 0x0000000084d00000| Untracked 
|  78|0x0000000084e00000, 0x0000000084e00000, 0x0000000084f00000|  0%| F|  |TAMS 0x0000000084e00000, 0x0000000084e00000| Untracked 
|  79|0x0000000084f00000, 0x0000000084f00000, 0x0000000085000000|  0%| F|  |TAMS 0x0000000084f00000, 0x0000000084f00000| Untracked 
|  80|0x0000000085000000, 0x0000000085000000, 0x0000000085100000|  0%| F|  |TAMS 0x0000000085000000, 0x0000000085000000| Untracked 
|  81|0x0000000085100000, 0x0000000085100000, 0x0000000085200000|  0%| F|  |TAMS 0x0000000085100000, 0x0000000085100000| Untracked 
|  82|0x0000000085200000, 0x0000000085200000, 0x0000000085300000|  0%| F|  |TAMS 0x0000000085200000, 0x0000000085200000| Untracked 
|  83|0x0000000085300000, 0x0000000085300000, 0x0000000085400000|  0%| F|  |TAMS 0x0000000085300000, 0x0000000085300000| Untracked 
|  84|0x0000000085400000, 0x0000000085400000, 0x0000000085500000|  0%| F|  |TAMS 0x0000000085400000, 0x0000000085400000| Untracked 
|  85|0x0000000085500000, 0x0000000085500000, 0x0000000085600000|  0%| F|  |TAMS 0x0000000085500000, 0x0000000085500000| Untracked 
|  86|0x0000000085600000, 0x0000000085600000, 0x0000000085700000|  0%| F|  |TAMS 0x0000000085600000, 0x0000000085600000| Untracked 
|  87|0x0000000085700000, 0x0000000085700000, 0x0000000085800000|  0%| F|  |TAMS 0x0000000085700000, 0x0000000085700000| Untracked 
|  88|0x0000000085800000, 0x0000000085800000, 0x0000000085900000|  0%| F|  |TAMS 0x0000000085800000, 0x0000000085800000| Untracked 
|  89|0x0000000085900000, 0x0000000085900000, 0x0000000085a00000|  0%| F|  |TAMS 0x0000000085900000, 0x0000000085900000| Untracked 
|  90|0x0000000085a00000, 0x0000000085a00000, 0x0000000085b00000|  0%| F|  |TAMS 0x0000000085a00000, 0x0000000085a00000| Untracked 
|  91|0x0000000085b00000, 0x0000000085b00000, 0x0000000085c00000|  0%| F|  |TAMS 0x0000000085b00000, 0x0000000085b00000| Untracked 
|  92|0x0000000085c00000, 0x0000000085c00000, 0x0000000085d00000|  0%| F|  |TAMS 0x0000000085c00000, 0x0000000085c00000| Untracked 
|  93|0x0000000085d00000, 0x0000000085d00000, 0x0000000085e00000|  0%| F|  |TAMS 0x0000000085d00000, 0x0000000085d00000| Untracked 
|  94|0x0000000085e00000, 0x0000000085e00000, 0x0000000085f00000|  0%| F|  |TAMS 0x0000000085e00000, 0x0000000085e00000| Untracked 
|  95|0x0000000085f00000, 0x0000000085f00000, 0x0000000086000000|  0%| F|  |TAMS 0x0000000085f00000, 0x0000000085f00000| Untracked 
|  96|0x0000000086000000, 0x0000000086000000, 0x0000000086100000|  0%| F|  |TAMS 0x0000000086000000, 0x0000000086000000| Untracked 
|  97|0x0000000086100000, 0x0000000086100000, 0x0000000086200000|  0%| F|  |TAMS 0x0000000086100000, 0x0000000086100000| Untracked 
|  98|0x0000000086200000, 0x0000000086200000, 0x0000000086300000|  0%| F|  |TAMS 0x0000000086200000, 0x0000000086200000| Untracked 
|  99|0x0000000086300000, 0x0000000086300000, 0x0000000086400000|  0%| F|  |TAMS 0x0000000086300000, 0x0000000086300000| Untracked 
| 100|0x0000000086400000, 0x0000000086400000, 0x0000000086500000|  0%| F|  |TAMS 0x0000000086400000, 0x0000000086400000| Untracked 
| 101|0x0000000086500000, 0x0000000086500000, 0x0000000086600000|  0%| F|  |TAMS 0x0000000086500000, 0x0000000086500000| Untracked 
| 102|0x0000000086600000, 0x0000000086600000, 0x0000000086700000|  0%| F|  |TAMS 0x0000000086600000, 0x0000000086600000| Untracked 
| 103|0x0000000086700000, 0x0000000086700000, 0x0000000086800000|  0%| F|  |TAMS 0x0000000086700000, 0x0000000086700000| Untracked 
| 104|0x0000000086800000, 0x0000000086800000, 0x0000000086900000|  0%| F|  |TAMS 0x0000000086800000, 0x0000000086800000| Untracked 
| 105|0x0000000086900000, 0x0000000086900000, 0x0000000086a00000|  0%| F|  |TAMS 0x0000000086900000, 0x0000000086900000| Untracked 
| 106|0x0000000086a00000, 0x0000000086a00000, 0x0000000086b00000|  0%| F|  |TAMS 0x0000000086a00000, 0x0000000086a00000| Untracked 
| 107|0x0000000086b00000, 0x0000000086b00000, 0x0000000086c00000|  0%| F|  |TAMS 0x0000000086b00000, 0x0000000086b00000| Untracked 
| 108|0x0000000086c00000, 0x0000000086c00000, 0x0000000086d00000|  0%| F|  |TAMS 0x0000000086c00000, 0x0000000086c00000| Untracked 
| 109|0x0000000086d00000, 0x0000000086d00000, 0x0000000086e00000|  0%| F|  |TAMS 0x0000000086d00000, 0x0000000086d00000| Untracked 
| 110|0x0000000086e00000, 0x0000000086e00000, 0x0000000086f00000|  0%| F|  |TAMS 0x0000000086e00000, 0x0000000086e00000| Untracked 
| 111|0x0000000086f00000, 0x0000000086f00000, 0x0000000087000000|  0%| F|  |TAMS 0x0000000086f00000, 0x0000000086f00000| Untracked 
| 112|0x0000000087000000, 0x0000000087000000, 0x0000000087100000|  0%| F|  |TAMS 0x0000000087000000, 0x0000000087000000| Untracked 
| 113|0x0000000087100000, 0x0000000087100000, 0x0000000087200000|  0%| F|  |TAMS 0x0000000087100000, 0x0000000087100000| Untracked 
| 114|0x0000000087200000, 0x0000000087200000, 0x0000000087300000|  0%| F|  |TAMS 0x0000000087200000, 0x0000000087200000| Untracked 
| 115|0x0000000087300000, 0x0000000087300000, 0x0000000087400000|  0%| F|  |TAMS 0x0000000087300000, 0x0000000087300000| Untracked 
| 116|0x0000000087400000, 0x0000000087400000, 0x0000000087500000|  0%| F|  |TAMS 0x0000000087400000, 0x0000000087400000| Untracked 
| 117|0x0000000087500000, 0x0000000087500000, 0x0000000087600000|  0%| F|  |TAMS 0x0000000087500000, 0x0000000087500000| Untracked 
| 118|0x0000000087600000, 0x0000000087600000, 0x0000000087700000|  0%| F|  |TAMS 0x0000000087600000, 0x0000000087600000| Untracked 
| 119|0x0000000087700000, 0x0000000087700000, 0x0000000087800000|  0%| F|  |TAMS 0x0000000087700000, 0x0000000087700000| Untracked 
| 120|0x0000000087800000, 0x0000000087800000, 0x0000000087900000|  0%| F|  |TAMS 0x0000000087800000, 0x0000000087800000| Untracked 
| 121|0x0000000087900000, 0x0000000087900000, 0x0000000087a00000|  0%| F|  |TAMS 0x0000000087900000, 0x0000000087900000| Untracked 
| 122|0x0000000087a00000, 0x0000000087a00000, 0x0000000087b00000|  0%| F|  |TAMS 0x0000000087a00000, 0x0000000087a00000| Untracked 
| 123|0x0000000087b00000, 0x0000000087b00000, 0x0000000087c00000|  0%| F|  |TAMS 0x0000000087b00000, 0x0000000087b00000| Untracked 
| 124|0x0000000087c00000, 0x0000000087c00000, 0x0000000087d00000|  0%| F|  |TAMS 0x0000000087c00000, 0x0000000087c00000| Untracked 
| 125|0x0000000087d00000, 0x0000000087d00000, 0x0000000087e00000|  0%| F|  |TAMS 0x0000000087d00000, 0x0000000087d00000| Untracked 
| 126|0x0000000087e00000, 0x0000000087e43110, 0x0000000087f00000| 26%| E|  |TAMS 0x0000000087e00000, 0x0000000087e00000| Complete 
| 127|0x0000000087f00000, 0x0000000088000000, 0x0000000088000000|100%| E|CS|TAMS 0x0000000087f00000, 0x0000000087f00000| Complete 

Card table byte_map: [0x000002add75c0000,0x000002add79c0000] _byte_map_base: 0x000002add71c0000

Marking Bits (Prev, Next): (CMBitMap*) 0x000002adc4a9af40, (CMBitMap*) 0x000002adc4a9af80
 Prev Bits: [0x000002add7dc0000, 0x000002add9dc0000)
 Next Bits: [0x000002add9dc0000, 0x000002addbdc0000)

Polling page: 0x000002adc29e0000

Metaspace:

Usage:
  Non-class:      3.44 MB used.
      Class:    296.14 KB used.
       Both:      3.72 MB used.

Virtual space:
  Non-class space:       64.00 MB reserved,       3.44 MB (  5%) committed,  1 nodes.
      Class space:        1.00 GB reserved,     320.00 KB ( <1%) committed,  1 nodes.
             Both:        1.06 GB reserved,       3.75 MB ( <1%) committed. 

Chunk freelists:
   Non-Class:  12.00 MB
       Class:  15.62 MB
        Both:  27.62 MB

MaxMetaspaceSize: unlimited
CompressedClassSpaceSize: 1.00 GB
Initial GC threshold: 21.00 MB
Current GC threshold: 21.00 MB
CDS: off
MetaspaceReclaimPolicy: balanced
 - commit_granule_bytes: 65536.
 - commit_granule_words: 8192.
 - virtual_space_node_default_size: 8388608.
 - enlarge_chunks_in_place: 1.
 - new_chunks_are_fully_committed: 0.
 - uncommit_free_chunks: 1.
 - use_allocation_guard: 0.
 - handle_deallocations: 1.


Internal statistics:

num_allocs_failed_limit: 0.
num_arena_births: 2.
num_arena_deaths: 0.
num_vsnodes_births: 2.
num_vsnodes_deaths: 0.
num_space_committed: 60.
num_space_uncommitted: 0.
num_chunks_returned_to_freelist: 0.
num_chunks_taken_from_freelist: 4.
num_chunk_merges: 0.
num_chunk_splits: 2.
num_chunks_enlarged: 0.
num_inconsistent_stats: 0.

CodeHeap 'non-profiled nmethods': size=120000Kb used=12Kb max_used=12Kb free=119987Kb
 bounds [0x000002adcfc90000, 0x000002adcff00000, 0x000002add71c0000]
CodeHeap 'profiled nmethods': size=120000Kb used=78Kb max_used=78Kb free=119921Kb
 bounds [0x000002adc81c0000, 0x000002adc8430000, 0x000002adcf6f0000]
CodeHeap 'non-nmethods': size=5760Kb used=1048Kb max_used=1048Kb free=4711Kb
 bounds [0x000002adcf6f0000, 0x000002adcf960000, 0x000002adcfc90000]
 total_blobs=366 nmethods=60 adapters=219
 compilation: enabled
              stopped_count=0, restarted_count=0
 full_count=0

Compilation events (20 events):
Event: 0.183 Thread 0x000002adde466a90   51       3       java.util.HashMap::get (19 bytes)
Event: 0.183 Thread 0x000002adde466a90 nmethod 51 0x000002adc81d1310 code [0x000002adc81d14c0, 0x000002adc81d1688]
Event: 0.183 Thread 0x000002adde466a90   48       3       java.util.HashMap$Node::<init> (26 bytes)
Event: 0.183 Thread 0x000002adde466a90 nmethod 48 0x000002adc81d1790 code [0x000002adc81d1940, 0x000002adc81d1bb8]
Event: 0.183 Thread 0x000002adde466a90   54       3       java.util.HashMap::getNode (150 bytes)
Event: 0.184 Thread 0x000002adde466a90 nmethod 54 0x000002adc81d1c90 code [0x000002adc81d1ec0, 0x000002adc81d2a58]
Event: 0.184 Thread 0x000002adde466a90   49       1       java.lang.module.ModuleDescriptor$Exports::source (5 bytes)
Event: 0.184 Thread 0x000002adde466a90 nmethod 49 0x000002adcfc91f90 code [0x000002adcfc92120, 0x000002adcfc921f8]
Event: 0.184 Thread 0x000002adde466a90   57       3       java.util.ImmutableCollections$Set12$1::hasNext (13 bytes)
Event: 0.184 Thread 0x000002adde466a90 nmethod 57 0x000002adc81d2d10 code [0x000002adc81d2ea0, 0x000002adc81d3018]
Event: 0.184 Thread 0x000002adde466a90   35       3       java.util.ImmutableCollections$SetN::iterator (9 bytes)
Event: 0.184 Thread 0x000002adde466a90 nmethod 35 0x000002adc81d3090 code [0x000002adc81d3240, 0x000002adc81d33e8]
Event: 0.184 Thread 0x000002adde466a90   36       3       java.util.ImmutableCollections$SetN$SetNIterator::<init> (36 bytes)
Event: 0.185 Thread 0x000002adde466a90 nmethod 36 0x000002adc81d3490 code [0x000002adc81d3640, 0x000002adc81d3838]
Event: 0.185 Thread 0x000002adde466a90   53       1       java.lang.module.ResolvedModule::reference (5 bytes)
Event: 0.185 Thread 0x000002adde466a90 nmethod 53 0x000002adcfc92690 code [0x000002adcfc92820, 0x000002adcfc928f8]
Event: 0.185 Thread 0x000002adde466a90   56       1       java.lang.module.ModuleDescriptor::isAutomatic (5 bytes)
Event: 0.185 Thread 0x000002adde466a90 nmethod 56 0x000002adcfc92990 code [0x000002adcfc92b20, 0x000002adcfc92bf8]
Event: 0.185 Thread 0x000002adde466a90   59       1       java.util.ImmutableCollections$Set12::isEmpty (2 bytes)
Event: 0.185 Thread 0x000002adde466a90 nmethod 59 0x000002adcfc92c90 code [0x000002adcfc92e20, 0x000002adcfc92ef8]

GC Heap History (0 events):
No events

Dll operation events (1 events):
Event: 0.030 Loaded shared library C:\Program Files\JetBrains\IntelliJ IDEA 2024.1.1\jbr\bin\java.dll

Deoptimization events (0 events):
No events

Classes unloaded (0 events):
No events

Classes redefined (0 events):
No events

Internal exceptions (0 events):
No events

VM Operations (0 events):
No events

Events (20 events):
Event: 0.187 loading class java/lang/invoke/DirectMethodHandle$Holder
Event: 0.188 loading class java/lang/invoke/DirectMethodHandle$Holder done
Event: 0.188 loading class sun/invoke/util/ValueConversions
Event: 0.188 loading class sun/invoke/util/ValueConversions done
Event: 0.188 loading class java/lang/invoke/MethodHandleImpl
Event: 0.189 loading class java/lang/invoke/MethodHandleImpl done
Event: 0.189 loading class java/lang/invoke/Invokers
Event: 0.190 loading class java/lang/invoke/Invokers done
Event: 0.190 loading class java/lang/invoke/LambdaForm$Kind
Event: 0.190 loading class java/lang/invoke/LambdaForm$Kind done
Event: 0.190 loading class java/lang/NoSuchMethodException
Event: 0.190 loading class java/lang/NoSuchMethodException done
Event: 0.191 loading class java/lang/invoke/LambdaForm$BasicType
Event: 0.191 loading class java/lang/invoke/LambdaForm$BasicType done
Event: 0.191 loading class java/lang/reflect/Array
Event: 0.191 loading class java/lang/reflect/Array done
Event: 0.191 loading class java/lang/invoke/LambdaForm$Name
Event: 0.191 loading class java/lang/invoke/LambdaForm$Name done
Event: 0.191 loading class java/lang/invoke/LambdaForm$Holder
Event: 0.191 loading class java/lang/invoke/LambdaForm$Holder done


Dynamic libraries:
0x00007ff6c1b60000 - 0x00007ff6c1b6a000 	C:\Program Files\JetBrains\IntelliJ IDEA 2024.1.1\jbr\bin\java.exe
0x00007ffe1bda0000 - 0x00007ffe1bfa9000 	C:\Windows\SYSTEM32\ntdll.dll
0x00007ffe1a090000 - 0x00007ffe1a14d000 	C:\Windows\System32\KERNEL32.DLL
0x00007ffe19350000 - 0x00007ffe196d4000 	C:\Windows\System32\KERNELBASE.dll
0x00007ffe19230000 - 0x00007ffe19341000 	C:\Windows\System32\ucrtbase.dll
0x00007ffde12f0000 - 0x00007ffde1307000 	C:\Program Files\JetBrains\IntelliJ IDEA 2024.1.1\jbr\bin\jli.dll
0x00007ffe1ba50000 - 0x00007ffe1bbfd000 	C:\Windows\System32\USER32.dll
0x00007ffe007b0000 - 0x00007ffe00a55000 	C:\Windows\WinSxS\amd64_microsoft.windows.common-controls_6595b64144ccf1df_6.0.22000.120_none_9d947278b86cc467\COMCTL32.dll
0x00007ffe19a90000 - 0x00007ffe19ab6000 	C:\Windows\System32\win32u.dll
0x00007ffe19c60000 - 0x00007ffe19d03000 	C:\Windows\System32\msvcrt.dll
0x00007ffe19d10000 - 0x00007ffe19d3a000 	C:\Windows\System32\GDI32.dll
0x00007ffe19850000 - 0x00007ffe1996e000 	C:\Windows\System32\gdi32full.dll
0x00007ffe199f0000 - 0x00007ffe19a8d000 	C:\Windows\System32\msvcp_win.dll
0x00007ffdf2990000 - 0x00007ffdf29ab000 	C:\Program Files\JetBrains\IntelliJ IDEA 2024.1.1\jbr\bin\VCRUNTIME140.dll
0x00007ffe1b940000 - 0x00007ffe1b971000 	C:\Windows\System32\IMM32.DLL
0x00007ffdf3310000 - 0x00007ffdf331c000 	C:\Program Files\JetBrains\IntelliJ IDEA 2024.1.1\jbr\bin\vcruntime140_1.dll
0x00007ffddd7b0000 - 0x00007ffddd83d000 	C:\Program Files\JetBrains\IntelliJ IDEA 2024.1.1\jbr\bin\msvcp140.dll
0x00007ffdbcc80000 - 0x00007ffdbd902000 	C:\Program Files\JetBrains\IntelliJ IDEA 2024.1.1\jbr\bin\server\jvm.dll
0x00007ffe1af50000 - 0x00007ffe1affe000 	C:\Windows\System32\ADVAPI32.dll
0x00007ffe1ac60000 - 0x00007ffe1acfe000 	C:\Windows\System32\sechost.dll
0x00007ffe1ae20000 - 0x00007ffe1af41000 	C:\Windows\System32\RPCRT4.dll
0x00007ffe18f60000 - 0x00007ffe18fad000 	C:\Windows\SYSTEM32\POWRPROF.dll
0x00007ffe00ae0000 - 0x00007ffe00ae9000 	C:\Windows\SYSTEM32\WSOCK32.dll
0x00007ffe12d70000 - 0x00007ffe12da3000 	C:\Windows\SYSTEM32\WINMM.dll
0x00007ffe19bf0000 - 0x00007ffe19c5f000 	C:\Windows\System32\WS2_32.dll
0x00007ffe0ddc0000 - 0x00007ffe0ddca000 	C:\Windows\SYSTEM32\VERSION.dll
0x00007ffe18f40000 - 0x00007ffe18f53000 	C:\Windows\SYSTEM32\UMPDC.dll
0x00007ffe18260000 - 0x00007ffe18278000 	C:\Windows\SYSTEM32\kernel.appcore.dll
0x00007ffde1b60000 - 0x00007ffde1b6a000 	C:\Program Files\JetBrains\IntelliJ IDEA 2024.1.1\jbr\bin\jimage.dll
0x00007ffe02b50000 - 0x00007ffe02d71000 	C:\Windows\SYSTEM32\DBGHELP.DLL
0x00007ffe028e0000 - 0x00007ffe02911000 	C:\Windows\SYSTEM32\dbgcore.DLL
0x00007ffe19970000 - 0x00007ffe199ef000 	C:\Windows\System32\bcryptPrimitives.dll
0x00007ffdd8460000 - 0x00007ffdd8485000 	C:\Program Files\JetBrains\IntelliJ IDEA 2024.1.1\jbr\bin\java.dll
0x00007ffdd0470000 - 0x00007ffdd0488000 	C:\Program Files\JetBrains\IntelliJ IDEA 2024.1.1\jbr\bin\zip.dll
0x00007ffe1a490000 - 0x00007ffe1ac55000 	C:\Windows\System32\SHELL32.dll
0x00007ffe17300000 - 0x00007ffe17b62000 	C:\Windows\SYSTEM32\windows.storage.dll
0x00007ffe1b020000 - 0x00007ffe1b396000 	C:\Windows\System32\combase.dll
0x00007ffe17150000 - 0x00007ffe172b7000 	C:\Windows\SYSTEM32\wintypes.dll
0x00007ffe1b3a0000 - 0x00007ffe1b48a000 	C:\Windows\System32\SHCORE.dll
0x00007ffe1b990000 - 0x00007ffe1b9ed000 	C:\Windows\System32\shlwapi.dll
0x00007ffe19160000 - 0x00007ffe19185000 	C:\Windows\SYSTEM32\profapi.dll

dbghelp: loaded successfully - version: 4.0.5 - missing functions: none
symbol engine: initialized successfully - sym options: 0x614 - pdb path: .;C:\Program Files\JetBrains\IntelliJ IDEA 2024.1.1\jbr\bin;C:\Windows\SYSTEM32;C:\Windows\WinSxS\amd64_microsoft.windows.common-controls_6595b64144ccf1df_6.0.22000.120_none_9d947278b86cc467;C:\Program Files\JetBrains\IntelliJ IDEA 2024.1.1\jbr\bin\server

VM Arguments:
jvm_args: -Djava.rmi.server.hostname=127.0.0.1 -Duser.timezone=UTC -Xmx2048m -Xms128m -Djdbc.classpath=C:\Program Files\JetBrains\IntelliJ IDEA 2024.1.1\plugins\DatabaseTools\lib\jdbc-console.jar;C:\Users\wiam\AppData\Roaming\JetBrains\IntelliJIdea2024.1\jdbc-drivers\MySQL ConnectorJ\8.2.0\com\mysql\mysql-connector-j\8.2.0\mysql-connector-j-8.2.0.jar;C:\Users\wiam\AppData\Roaming\JetBrains\IntelliJIdea2024.1\jdbc-drivers\MySQL ConnectorJ\8.2.0\com\google\protobuf\protobuf-java\3.21.9\protobuf-java-3.21.9.jar --add-exports=java.desktop/sun.awt=ALL-UNNAMED --add-exports=java.desktop/java.awt.peer=ALL-UNNAMED --add-opens=java.desktop/java.awt=ALL-UNNAMED --add-opens=jdk.unsupported/sun.misc=ALL-UNNAMED --add-opens=java.base/java.nio=ALL-UNNAMED --add-opens=java.base/java.util=ALL-UNNAMED -Dfile.encoding=UTF-8 
java_command: com.intellij.database.remote.RemoteJdbcServer com.mysql.cj.jdbc.Driver
java_class_path (initial): C:\Program Files\JetBrains\IntelliJ IDEA 2024.1.1\lib\util_rt.jar;C:\Program Files\JetBrains\IntelliJ IDEA 2024.1.1\lib\util-8.jar;C:\Program Files\JetBrains\IntelliJ IDEA 2024.1.1\lib\groovy.jar;C:\Program Files\JetBrains\IntelliJ IDEA 2024.1.1\plugins\DatabaseTools\lib\jdbc-console.jar;C:\Program Files\JetBrains\IntelliJ IDEA 2024.1.1\plugins\grid-core-impl\lib\jdbc-console-types.jar;C:\Program Files\JetBrains\IntelliJ IDEA 2024.1.1\lib\util.jar
Launcher Type: SUN_STANDARD

[Global flags]
     intx CICompilerCount                          = 3                                         {product} {ergonomic}
     uint ConcGCThreads                            = 1                                         {product} {ergonomic}
     uint G1ConcRefinementThreads                  = 4                                         {product} {ergonomic}
   size_t G1HeapRegionSize                         = 1048576                                   {product} {ergonomic}
    uintx GCDrainStackTargetSize                   = 64                                        {product} {ergonomic}
   size_t InitialHeapSize                          = 134217728                                 {product} {command line}
   size_t MarkStackSize                            = 4194304                                   {product} {ergonomic}
   size_t MaxHeapSize                              = 2147483648                                {product} {command line}
   size_t MaxNewSize                               = 1287651328                                {product} {ergonomic}
   size_t MinHeapDeltaBytes                        = 1048576                                   {product} {ergonomic}
   size_t MinHeapSize                              = 134217728                                 {product} {command line}
    uintx NonNMethodCodeHeapSize                   = 5832780                                {pd product} {ergonomic}
    uintx NonProfiledCodeHeapSize                  = 122912730                              {pd product} {ergonomic}
    uintx ProfiledCodeHeapSize                     = 122912730                              {pd product} {ergonomic}
    uintx ReservedCodeCacheSize                    = 251658240                              {pd product} {ergonomic}
     bool SegmentedCodeCache                       = true                                      {product} {ergonomic}
   size_t SoftMaxHeapSize                          = 2147483648                             {manageable} {ergonomic}
     bool UseCompressedClassPointers               = true                           {product lp64_product} {ergonomic}
     bool UseCompressedOops                        = true                           {product lp64_product} {ergonomic}
     bool UseG1GC                                  = true                                      {product} {ergonomic}
     bool UseLargePagesIndividualAllocation        = false                                  {pd product} {ergonomic}

Logging:
Log output configuration:
 #0: stdout all=warning uptime,level,tags
 #1: stderr all=off uptime,level,tags

Environment Variables:
PATH=C:\Program Files\Java\jdk-17;C:\Program Files\Common Files\Oracle\Java\javapath;C:\Program Files\Java\jdk1.8.0_202\bin;C:\Program Files\Java\jdk1.8.0_202;C:\Program Files (x86)\Common Files\Oracle\Java\javapath;C:\oraclexe\app\oracle\product\11.2.0\server\bin;C:\oraclexe\app\oracle\product\11.2.0\server\bin;C:\Windows\system32;C:\Windows;C:\Windows\System32\Wbem;C:\Windows\System32\WindowsPowerShell\v1.0\;C:\Windows\System32\OpenSSH\;C:\Program Files\mongosh\mongosh-1.10.6-win32-x64\bin;C:\Program Files\MySQL\MySQL Server 8.0\bin;C:\xampp\php;C:\Program Files\Git\cmd;C:\xampp2\php;C:\composer;C:\Program Files\Microsoft SQL Server\150\Tools\Binn\;C:\Users\wiam\Downloads\apache-maven-3.9.8-bin\apache-maven-3.9.8\bin;C:\Program Files\PostgreSQL\16\pgAdmin 4;C:\Users\wiam\AppData\Roaming\Microsoft\Windows\Start Menu\Programs\Python 3.12;C:\Program Files\Docker\Docker\resources\bin;C:\Users\wiam\AppData\Roaming\nvm;C:\Program Files\nodejs;C:\Users\wiam\AppData\Local\Programs\Python\Python312\Scripts\;C:\Users\wiam\AppData\Local\Programs\Python\Python312\;C:\Program Files\MySQL\MySQL Workbench 8.0;C:\mysql;C:\Program Files\Java\jdk-17;C:\xamppff\php;C:\Users\wiam\AppData\Local\Programs\Python\Python311\Scripts\;C:\Users\wiam\AppData\Local\Programs\Python\Python311\;C:\Users\wiam\AppData\Local\Microsoft\WindowsApps;C:\Users\wiam\AppData\Local\Programs\Microsoft VS Code\bin;C:\Program Files (x86)\GnuWin32\bin;C:\MinGW\bin;C:\MinGW\msys\1.0\bin;C:\Program Files (x86)\GnuWin32\bin;C:\Program Files\JetBrains\IntelliJ IDEA 2023.2.5\bin;C:\Users\wiam\AppData\Local\JetBrains\Toolbox\scripts;C:\Users\wiam\AppData\Local\ComposerSetup\bin;C:\Users\wiam\AppData\Roaming\Composer\vendor\bin;C:\Program Files\Java\jdk-1.8;C:\xampp\htdocs;C:\Program Files\JetBrains\IntelliJ IDEA 2024.1.1\bin;;C:\Program Files\heroku\bin;C:\Program Files\MySQL;C:\Users\wiam\AppData\Roaming\npm;C:\Users\wiam\AppData\Roaming\nvm;C:\Program Files\nodejs
USERNAME=wiam
OS=Windows_NT
PROCESSOR_IDENTIFIER=Intel64 Family 6 Model 69 Stepping 1, GenuineIntel
TMP=C:\Users\wiam\AppData\Local\Temp
TEMP=C:\Users\wiam\AppData\Local\Temp



Periodic native trim disabled

JNI global refs:
JNI global refs: 4, weak refs: 0

JNI global refs memory usage: 843, weak refs: 209

OOME stack traces (most recent first):
Classloader memory used:
Loader bootstrap                                                                       : 476K


---------------  S Y S T E M  ---------------

OS:
 Windows 11 , 64 bit Build 22000 (10.0.22000.2538)
OS uptime: 0 days 1:27 hours
Hyper-V role detected

CPU: total 4 (initial active 4) (2 cores per cpu, 2 threads per core) family 6 model 69 stepping 1 microcode 0x26, cx8, cmov, fxsr, ht, mmx, sse, sse2, sse3, ssse3, sse4.1, sse4.2, popcnt, lzcnt, tsc, tscinvbit, avx, avx2, aes, erms, clmul, bmi1, bmi2, fma, vzeroupper, clflush, hv
Processor Information for all 4 processors :
  Max Mhz: 2301, Current Mhz: 1300, Mhz Limit: 2301

Memory: 4k page, system-wide physical 8097M (615M free)
TotalPageFile size 11913M (AvailPageFile size 4M)
current process WorkingSet (physical memory assigned to process): 28M, peak: 28M
current process commit charge ("private bytes"): 193M, peak: 194M

vm_info: OpenJDK 64-Bit Server VM (17.0.10+1-b1207.14) for windows-amd64 JRE (17.0.10+1-b1207.14), built on 2024-04-05 by "builduser" with MS VC++ 16.10 / 16.11 (VS2019)

END.
