#
# There is insufficient memory for the Java Runtime Environment to continue.
# Native memory allocation (mmap) failed to map 2097152 bytes for G1 virtual space
# Possible reasons:
#   The system is out of physical RAM or swap space
#   The process is running with CompressedOops enabled, and the Java Heap may be blocking the growth of the native heap
# Possible solutions:
#   Reduce memory load on the system
#   Increase physical memory or swap space
#   Check if swap backing store is full
#   Decrease Java heap size (-Xmx/-Xms)
#   Decrease number of Java threads
#   Decrease Java thread stack sizes (-Xss)
#   Set larger code cache with -XX:ReservedCodeCacheSize=
#   JVM is running with Unscaled Compressed Oops mode in which the Java heap is
#     placed in the first 4GB address space. The Java Heap base address is the
#     maximum limit for the native heap growth. Please use -XX:HeapBaseMinAddress
#     to set the Java Heap base and to place the Java Heap above 4GB virtual address.
# This output file may be truncated or incomplete.
#
#  Out of Memory Error (os_windows.cpp:3825), pid=11520, tid=2004
#
# JRE version:  (17.0.10+1) (build )
# Java VM: OpenJDK 64-Bit Server VM (17.0.10+1-b1207.14, mixed mode, sharing, tiered, compressed oops, compressed class ptrs, g1 gc, windows-amd64)
# No core dump will be written. Minidumps are not enabled by default on client versions of Windows
#

---------------  S U M M A R Y ------------

Command Line: -Djava.rmi.server.hostname=127.0.0.1 -Duser.timezone=UTC -Xmx2048m -Xms128m -Djdbc.classpath=C:\Program Files\JetBrains\IntelliJ IDEA 2024.1.1\plugins\DatabaseTools\lib\jdbc-console.jar;C:\Users\wiam\AppData\Roaming\JetBrains\IntelliJIdea2024.1\jdbc-drivers\MySQL ConnectorJ\8.2.0\com\mysql\mysql-connector-j\8.2.0\mysql-connector-j-8.2.0.jar;C:\Users\wiam\AppData\Roaming\JetBrains\IntelliJIdea2024.1\jdbc-drivers\MySQL ConnectorJ\8.2.0\com\google\protobuf\protobuf-java\3.21.9\protobuf-java-3.21.9.jar --add-exports=java.desktop/sun.awt=ALL-UNNAMED --add-exports=java.desktop/java.awt.peer=ALL-UNNAMED --add-opens=java.desktop/java.awt=ALL-UNNAMED --add-opens=jdk.unsupported/sun.misc=ALL-UNNAMED --add-opens=java.base/java.nio=ALL-UNNAMED --add-opens=java.base/java.util=ALL-UNNAMED -Dfile.encoding=UTF-8 com.intellij.database.remote.RemoteJdbcServer com.mysql.cj.jdbc.Driver

Host: Intel(R) Core(TM) i5-4200U CPU @ 1.60GHz, 4 cores, 7G,  Windows 11 , 64 bit Build 22000 (10.0.22000.2538)
Time: Mon Oct 28 23:03:29 2024 Morocco Daylight Time elapsed time: 0.032245 seconds (0d 0h 0m 0s)

---------------  T H R E A D  ---------------

Current thread (0x000001a5f6dded60):  JavaThread "Unknown thread" [_thread_in_vm, id=2004, stack(0x000000a48ce00000,0x000000a48cf00000)]

Stack: [0x000000a48ce00000,0x000000a48cf00000]
Native frames: (J=compiled Java code, j=interpreted, Vv=VM code, C=native code)
V  [jvm.dll+0x687989]
V  [jvm.dll+0x84116a]
V  [jvm.dll+0x842dae]
V  [jvm.dll+0x843413]
V  [jvm.dll+0x249ccf]
V  [jvm.dll+0x684759]
V  [jvm.dll+0x67900a]
V  [jvm.dll+0x30ab0b]
V  [jvm.dll+0x311fb6]
V  [jvm.dll+0x361d88]
V  [jvm.dll+0x361f8f]
V  [jvm.dll+0x2e07f8]
V  [jvm.dll+0x2e1764]
V  [jvm.dll+0x811c31]
V  [jvm.dll+0x36fc11]
V  [jvm.dll+0x7f0666]
V  [jvm.dll+0x3f3daf]
V  [jvm.dll+0x3f5a41]
C  [jli.dll+0x528f]
C  [ucrtbase.dll+0x26c0c]
C  [KERNEL32.DLL+0x153e0]
C  [ntdll.dll+0x485b]


---------------  P R O C E S S  ---------------

Threads class SMR info:
_java_thread_list=0x00007ffdbd7bdf58, length=0, elements={
}

Java Threads: ( => current thread )

Other Threads:
  0x000001a5f6e3bf50 GCTaskThread "GC Thread#0" [stack: 0x000000a48cf00000,0x000000a48d000000] [id=9644]
  0x000001a5f6e4cea0 ConcurrentGCThread "G1 Main Marker" [stack: 0x000000a48d000000,0x000000a48d100000] [id=12716]
  0x000001a5f6e4e060 ConcurrentGCThread "G1 Conc#0" [stack: 0x000000a48d100000,0x000000a48d200000] [id=12972]

[error occurred during error reporting (printing all threads), id 0xc0000005, EXCEPTION_ACCESS_VIOLATION (0xc0000005) at pc=0x00007ffdbcf713c7]

VM state: not at safepoint (not fully initialized)

VM Mutex/Monitor currently owned by a thread:  ([mutex/lock_event])
[0x000001a5f6dd8430] Heap_lock - owner thread: 0x000001a5f6dded60

Heap address: 0x0000000080000000, size: 2048 MB, Compressed Oops mode: 32-bit

CDS archive(s) mapped at: [0x0000000000000000-0x0000000000000000-0x0000000000000000), size 0, SharedBaseAddress: 0x0000000800000000, ArchiveRelocationMode: 1.
Narrow klass base: 0x0000000000000000, Narrow klass shift: 0, Narrow klass range: 0x0

GC Precious Log:
<Empty>

Heap:
 garbage-first heap   total 0K, used 0K [0x0000000080000000, 0x0000000100000000)
  region size 1024K, 0 young (0K), 0 survivors (0K)
 Metaspace       used 0K, committed 0K, reserved 0K
  class space    used 0K, committed 0K, reserved 0K

Heap Regions: E=young(eden), S=young(survivor), O=old, HS=humongous(starts), HC=humongous(continues), CS=collection set, F=free, OA=open archive, CA=closed archive, TAMS=top-at-mark-start (previous, next)

Card table byte_map: [0x000001a5fa960000,0x000001a5fad60000] _byte_map_base: 0x000001a5fa560000

Marking Bits (Prev, Next): (CMBitMap*) 0x000001a5f6e3c570, (CMBitMap*) 0x000001a5f6e3c5b0
 Prev Bits: [0x000001a5fb160000, 0x000001a5fd160000)
 Next Bits: [0x000001a5fd160000, 0x000001a5ff160000)

GC Heap History (0 events):
No events

Dll operation events (1 events):
Event: 0.017 Loaded shared library C:\Program Files\JetBrains\IntelliJ IDEA 2024.1.1\jbr\bin\java.dll

Deoptimization events (0 events):
No events

Classes unloaded (0 events):
No events

Classes redefined (0 events):
No events

Internal exceptions (0 events):
No events

VM Operations (0 events):
No events

Events (0 events):
No events


Dynamic libraries:
0x00007ff6c1b60000 - 0x00007ff6c1b6a000 	C:\Program Files\JetBrains\IntelliJ IDEA 2024.1.1\jbr\bin\java.exe
0x00007ffe1bda0000 - 0x00007ffe1bfa9000 	C:\Windows\SYSTEM32\ntdll.dll
0x00007ffe1a090000 - 0x00007ffe1a14d000 	C:\Windows\System32\KERNEL32.DLL
0x00007ffe19350000 - 0x00007ffe196d4000 	C:\Windows\System32\KERNELBASE.dll
0x00007ffe19230000 - 0x00007ffe19341000 	C:\Windows\System32\ucrtbase.dll
0x00007ffdf2990000 - 0x00007ffdf29ab000 	C:\Program Files\JetBrains\IntelliJ IDEA 2024.1.1\jbr\bin\VCRUNTIME140.dll
0x00007ffde12f0000 - 0x00007ffde1307000 	C:\Program Files\JetBrains\IntelliJ IDEA 2024.1.1\jbr\bin\jli.dll
0x00007ffe1ba50000 - 0x00007ffe1bbfd000 	C:\Windows\System32\USER32.dll
0x00007ffe19a90000 - 0x00007ffe19ab6000 	C:\Windows\System32\win32u.dll
0x00007ffe007b0000 - 0x00007ffe00a55000 	C:\Windows\WinSxS\amd64_microsoft.windows.common-controls_6595b64144ccf1df_6.0.22000.120_none_9d947278b86cc467\COMCTL32.dll
0x00007ffe19d10000 - 0x00007ffe19d3a000 	C:\Windows\System32\GDI32.dll
0x00007ffe19c60000 - 0x00007ffe19d03000 	C:\Windows\System32\msvcrt.dll
0x00007ffe19850000 - 0x00007ffe1996e000 	C:\Windows\System32\gdi32full.dll
0x00007ffe199f0000 - 0x00007ffe19a8d000 	C:\Windows\System32\msvcp_win.dll
0x00007ffe1b940000 - 0x00007ffe1b971000 	C:\Windows\System32\IMM32.DLL
0x00007ffdf3310000 - 0x00007ffdf331c000 	C:\Program Files\JetBrains\IntelliJ IDEA 2024.1.1\jbr\bin\vcruntime140_1.dll
0x00007ffddd7b0000 - 0x00007ffddd83d000 	C:\Program Files\JetBrains\IntelliJ IDEA 2024.1.1\jbr\bin\msvcp140.dll
0x00007ffdbcc80000 - 0x00007ffdbd902000 	C:\Program Files\JetBrains\IntelliJ IDEA 2024.1.1\jbr\bin\server\jvm.dll
0x00007ffe1af50000 - 0x00007ffe1affe000 	C:\Windows\System32\ADVAPI32.dll
0x00007ffe1ac60000 - 0x00007ffe1acfe000 	C:\Windows\System32\sechost.dll
0x00007ffe1ae20000 - 0x00007ffe1af41000 	C:\Windows\System32\RPCRT4.dll
0x00007ffe18f60000 - 0x00007ffe18fad000 	C:\Windows\SYSTEM32\POWRPROF.dll
0x00007ffe00ae0000 - 0x00007ffe00ae9000 	C:\Windows\SYSTEM32\WSOCK32.dll
0x00007ffe12d70000 - 0x00007ffe12da3000 	C:\Windows\SYSTEM32\WINMM.dll
0x00007ffe19bf0000 - 0x00007ffe19c5f000 	C:\Windows\System32\WS2_32.dll
0x00007ffe0ddc0000 - 0x00007ffe0ddca000 	C:\Windows\SYSTEM32\VERSION.dll
0x00007ffe18f40000 - 0x00007ffe18f53000 	C:\Windows\SYSTEM32\UMPDC.dll
0x00007ffe18260000 - 0x00007ffe18278000 	C:\Windows\SYSTEM32\kernel.appcore.dll
0x00007ffde1b60000 - 0x00007ffde1b6a000 	C:\Program Files\JetBrains\IntelliJ IDEA 2024.1.1\jbr\bin\jimage.dll
0x00007ffe02b50000 - 0x00007ffe02d71000 	C:\Windows\SYSTEM32\DBGHELP.DLL
0x00007ffe028e0000 - 0x00007ffe02911000 	C:\Windows\SYSTEM32\dbgcore.DLL
0x00007ffe19970000 - 0x00007ffe199ef000 	C:\Windows\System32\bcryptPrimitives.dll
0x00007ffdd8460000 - 0x00007ffdd8485000 	C:\Program Files\JetBrains\IntelliJ IDEA 2024.1.1\jbr\bin\java.dll

dbghelp: loaded successfully - version: 4.0.5 - missing functions: none
symbol engine: initialized successfully - sym options: 0x614 - pdb path: .;C:\Program Files\JetBrains\IntelliJ IDEA 2024.1.1\jbr\bin;C:\Windows\SYSTEM32;C:\Windows\WinSxS\amd64_microsoft.windows.common-controls_6595b64144ccf1df_6.0.22000.120_none_9d947278b86cc467;C:\Program Files\JetBrains\IntelliJ IDEA 2024.1.1\jbr\bin\server

VM Arguments:
jvm_args: -Djava.rmi.server.hostname=127.0.0.1 -Duser.timezone=UTC -Xmx2048m -Xms128m -Djdbc.classpath=C:\Program Files\JetBrains\IntelliJ IDEA 2024.1.1\plugins\DatabaseTools\lib\jdbc-console.jar;C:\Users\wiam\AppData\Roaming\JetBrains\IntelliJIdea2024.1\jdbc-drivers\MySQL ConnectorJ\8.2.0\com\mysql\mysql-connector-j\8.2.0\mysql-connector-j-8.2.0.jar;C:\Users\wiam\AppData\Roaming\JetBrains\IntelliJIdea2024.1\jdbc-drivers\MySQL ConnectorJ\8.2.0\com\google\protobuf\protobuf-java\3.21.9\protobuf-java-3.21.9.jar --add-exports=java.desktop/sun.awt=ALL-UNNAMED --add-exports=java.desktop/java.awt.peer=ALL-UNNAMED --add-opens=java.desktop/java.awt=ALL-UNNAMED --add-opens=jdk.unsupported/sun.misc=ALL-UNNAMED --add-opens=java.base/java.nio=ALL-UNNAMED --add-opens=java.base/java.util=ALL-UNNAMED -Dfile.encoding=UTF-8 
java_command: com.intellij.database.remote.RemoteJdbcServer com.mysql.cj.jdbc.Driver
java_class_path (initial): C:\Program Files\JetBrains\IntelliJ IDEA 2024.1.1\lib\util_rt.jar;C:\Program Files\JetBrains\IntelliJ IDEA 2024.1.1\lib\util-8.jar;C:\Program Files\JetBrains\IntelliJ IDEA 2024.1.1\lib\groovy.jar;C:\Program Files\JetBrains\IntelliJ IDEA 2024.1.1\plugins\DatabaseTools\lib\jdbc-console.jar;C:\Program Files\JetBrains\IntelliJ IDEA 2024.1.1\plugins\grid-core-impl\lib\jdbc-console-types.jar;C:\Program Files\JetBrains\IntelliJ IDEA 2024.1.1\lib\util.jar
Launcher Type: SUN_STANDARD

[Global flags]
     intx CICompilerCount                          = 3                                         {product} {ergonomic}
     uint ConcGCThreads                            = 1                                         {product} {ergonomic}
     uint G1ConcRefinementThreads                  = 4                                         {product} {ergonomic}
   size_t G1HeapRegionSize                         = 1048576                                   {product} {ergonomic}
    uintx GCDrainStackTargetSize                   = 64                                        {product} {ergonomic}
   size_t InitialHeapSize                          = 134217728                                 {product} {command line}
   size_t MarkStackSize                            = 4194304                                   {product} {ergonomic}
   size_t MaxHeapSize                              = 2147483648                                {product} {command line}
   size_t MinHeapDeltaBytes                        = 1048576                                   {product} {ergonomic}
   size_t MinHeapSize                              = 134217728                                 {product} {command line}
    uintx NonNMethodCodeHeapSize                   = 5832780                                {pd product} {ergonomic}
    uintx NonProfiledCodeHeapSize                  = 122912730                              {pd product} {ergonomic}
    uintx ProfiledCodeHeapSize                     = 122912730                              {pd product} {ergonomic}
    uintx ReservedCodeCacheSize                    = 251658240                              {pd product} {ergonomic}
     bool SegmentedCodeCache                       = true                                      {product} {ergonomic}
   size_t SoftMaxHeapSize                          = 2147483648                             {manageable} {ergonomic}
     bool UseCompressedClassPointers               = true                           {product lp64_product} {ergonomic}
     bool UseCompressedOops                        = true                           {product lp64_product} {ergonomic}
     bool UseG1GC                                  = true                                      {product} {ergonomic}
     bool UseLargePagesIndividualAllocation        = false                                  {pd product} {ergonomic}

Logging:
Log output configuration:
 #0: stdout all=warning uptime,level,tags
 #1: stderr all=off uptime,level,tags

Environment Variables:
PATH=C:\Program Files\Java\jdk-17;C:\Program Files\Common Files\Oracle\Java\javapath;C:\Program Files\Java\jdk1.8.0_202\bin;C:\Program Files\Java\jdk1.8.0_202;C:\Program Files (x86)\Common Files\Oracle\Java\javapath;C:\oraclexe\app\oracle\product\11.2.0\server\bin;C:\oraclexe\app\oracle\product\11.2.0\server\bin;C:\Windows\system32;C:\Windows;C:\Windows\System32\Wbem;C:\Windows\System32\WindowsPowerShell\v1.0\;C:\Windows\System32\OpenSSH\;C:\Program Files\mongosh\mongosh-1.10.6-win32-x64\bin;C:\Program Files\MySQL\MySQL Server 8.0\bin;C:\xampp\php;C:\Program Files\Git\cmd;C:\xampp2\php;C:\composer;C:\Program Files\Microsoft SQL Server\150\Tools\Binn\;C:\Users\wiam\Downloads\apache-maven-3.9.8-bin\apache-maven-3.9.8\bin;C:\Program Files\PostgreSQL\16\pgAdmin 4;C:\Users\wiam\AppData\Roaming\Microsoft\Windows\Start Menu\Programs\Python 3.12;C:\Program Files\Docker\Docker\resources\bin;C:\Users\wiam\AppData\Roaming\nvm;C:\Program Files\nodejs;C:\Users\wiam\AppData\Local\Programs\Python\Python312\Scripts\;C:\Users\wiam\AppData\Local\Programs\Python\Python312\;C:\Program Files\MySQL\MySQL Workbench 8.0;C:\mysql;C:\Program Files\Java\jdk-17;C:\xamppff\php;C:\Users\wiam\AppData\Local\Programs\Python\Python311\Scripts\;C:\Users\wiam\AppData\Local\Programs\Python\Python311\;C:\Users\wiam\AppData\Local\Microsoft\WindowsApps;C:\Users\wiam\AppData\Local\Programs\Microsoft VS Code\bin;C:\Program Files (x86)\GnuWin32\bin;C:\MinGW\bin;C:\MinGW\msys\1.0\bin;C:\Program Files (x86)\GnuWin32\bin;C:\Program Files\JetBrains\IntelliJ IDEA 2023.2.5\bin;C:\Users\wiam\AppData\Local\JetBrains\Toolbox\scripts;C:\Users\wiam\AppData\Local\ComposerSetup\bin;C:\Users\wiam\AppData\Roaming\Composer\vendor\bin;C:\Program Files\Java\jdk-1.8;C:\xampp\htdocs;C:\Program Files\JetBrains\IntelliJ IDEA 2024.1.1\bin;;C:\Program Files\heroku\bin;C:\Program Files\MySQL;C:\Users\wiam\AppData\Roaming\npm;C:\Users\wiam\AppData\Roaming\nvm;C:\Program Files\nodejs
USERNAME=wiam
OS=Windows_NT
PROCESSOR_IDENTIFIER=Intel64 Family 6 Model 69 Stepping 1, GenuineIntel
TMP=C:\Users\wiam\AppData\Local\Temp
TEMP=C:\Users\wiam\AppData\Local\Temp



Periodic native trim disabled

JNI global refs:
JNI global refs: 0, weak refs: 0

JNI global refs memory usage: 0, weak refs: 0

OOME stack traces (most recent first):
Classloader memory used:


---------------  S Y S T E M  ---------------

OS:
 Windows 11 , 64 bit Build 22000 (10.0.22000.2538)
OS uptime: 0 days 1:28 hours
Hyper-V role detected

CPU: total 4 (initial active 4) (2 cores per cpu, 2 threads per core) family 6 model 69 stepping 1 microcode 0x26, cx8, cmov, fxsr, ht, mmx, sse, sse2, sse3, ssse3, sse4.1, sse4.2, popcnt, lzcnt, tsc, tscinvbit, avx, avx2, aes, erms, clmul, bmi1, bmi2, fma, vzeroupper, clflush, hv
Processor Information for all 4 processors :
  Max Mhz: 2301, Current Mhz: 2301, Mhz Limit: 2301

Memory: 4k page, system-wide physical 8097M (595M free)
TotalPageFile size 11913M (AvailPageFile size 5M)
current process WorkingSet (physical memory assigned to process): 10M, peak: 10M
current process commit charge ("private bytes"): 182M, peak: 184M

vm_info: OpenJDK 64-Bit Server VM (17.0.10+1-b1207.14) for windows-amd64 JRE (17.0.10+1-b1207.14), built on 2024-04-05 by "builduser" with MS VC++ 16.10 / 16.11 (VS2019)

END.
